[00:01:09] M23nlight (f0999f48-4d65-3b28-b0dc-40b04d8e3b2b): regalen el pico 3x3
[00:13:04] M23nlight (f0999f48-4d65-3b28-b0dc-40b04d8e3b2b): como se agregan tps?
[00:13:18] M23nlight (f0999f48-4d65-3b28-b0dc-40b04d8e3b2b): asi para tener varios lugares
[00:13:22] ItsSoulTime (9f68d785-ad11-3bab-bb36-393a7edbfffb): que es tps segun tu?
[00:13:42] M23nlight (f0999f48-4d65-3b28-b0dc-40b04d8e3b2b): varios lugares para hacerse tp
[00:13:48] ItsSoulTime (9f68d785-ad11-3bab-bb36-393a7edbfffb): osea homes?
[00:13:53] M23nlight (f0999f48-4d65-3b28-b0dc-40b04d8e3b2b): si
[00:14:04] ItsSoulTime (9f68d785-ad11-3bab-bb36-393a7edbfffb): ./sethome [Nombre del home]
[00:43:04] ItsSoulTime (9f68d785-ad11-3bab-bb36-393a7edbfffb): no duermas
[01:04:11] ItsSoulTime (9f68d785-ad11-3bab-bb36-393a7edbfffb): wey
[01:04:14] ItsSoulTime (9f68d785-ad11-3bab-bb36-393a7edbfffb): ._:
[01:04:16] ItsSoulTime (9f68d785-ad11-3bab-bb36-393a7edbfffb): ._.
[01:04:32] M23nlight (f0999f48-4d65-3b28-b0dc-40b04d8e3b2b): sorryyyyyyyyyy
[01:04:50] ItsSoulTime (9f68d785-ad11-3bab-bb36-393a7edbfffb): piola el flood :v
[01:05:12] M23nlight (f0999f48-4d65-3b28-b0dc-40b04d8e3b2b): sorry memoria muscular
[01:05:26] ItsSoulTime (9f68d785-ad11-3bab-bb36-393a7edbfffb): porque moriste?
[01:08:23] M23nlight (f0999f48-4d65-3b28-b0dc-40b04d8e3b2b): JAJAJAJAJAJJAJJJJJJJJJJJJJJJJJ
[01:08:29] M23nlight (f0999f48-4d65-3b28-b0dc-40b04d8e3b2b): seba
[01:08:38] ItsSoulTime (9f68d785-ad11-3bab-bb36-393a7edbfffb): que pasa?
[01:08:46] M23nlight (f0999f48-4d65-3b28-b0dc-40b04d8e3b2b): salvame
[01:09:09] ItsSoulTime (9f68d785-ad11-3bab-bb36-393a7edbfffb): que hiciste wey?
[01:09:16] M23nlight (f0999f48-4d65-3b28-b0dc-40b04d8e3b2b): recuerdas el oyo?
[01:09:27] ItsSoulTime (9f68d785-ad11-3bab-bb36-393a7edbfffb): la verdad no
[01:09:34] ItsSoulTime (9f68d785-ad11-3bab-bb36-393a7edbfffb): ya me voy a desconectar
[01:09:42] M23nlight (f0999f48-4d65-3b28-b0dc-40b04d8e3b2b): el oyo de la foto de discord
[01:10:19] ItsSoulTime (9f68d785-ad11-3bab-bb36-393a7edbfffb): neta
[01:10:36] M23nlight (f0999f48-4d65-3b28-b0dc-40b04d8e3b2b): apareci aqui en tp random
[01:11:28] ItsSoulTime (9f68d785-ad11-3bab-bb36-393a7edbfffb): enserio tp random?
[01:11:34] M23nlight (f0999f48-4d65-3b28-b0dc-40b04d8e3b2b): si
[01:11:53] ItsSoulTime (9f68d785-ad11-3bab-bb36-393a7edbfffb): tienes la epic sword
[01:11:57] ItsSoulTime (9f68d785-ad11-3bab-bb36-393a7edbfffb): no?
[01:12:06] M23nlight (f0999f48-4d65-3b28-b0dc-40b04d8e3b2b): ya tengo gracias
[01:12:11] M23nlight (f0999f48-4d65-3b28-b0dc-40b04d8e3b2b): si
[01:12:44] ItsSoulTime (9f68d785-ad11-3bab-bb36-393a7edbfffb): te di el tótem para que no te mueras tanto
[01:12:46] M23nlight (f0999f48-4d65-3b28-b0dc-40b04d8e3b2b): por q le daba un pollo? XD
[01:12:52] ItsSoulTime (9f68d785-ad11-3bab-bb36-393a7edbfffb): a noe
[01:12:53] ItsSoulTime (9f68d785-ad11-3bab-bb36-393a7edbfffb): a nose
[01:13:31] ItsSoulTime (9f68d785-ad11-3bab-bb36-393a7edbfffb): y bueno
[01:13:40] ItsSoulTime (9f68d785-ad11-3bab-bb36-393a7edbfffb): este oyo es mi futura base
[01:14:03] M23nlight (f0999f48-4d65-3b28-b0dc-40b04d8e3b2b): acabo de matar un cerdo a distancia
[01:14:32] ItsSoulTime (9f68d785-ad11-3bab-bb36-393a7edbfffb): tenes elytras?
[01:14:57] M23nlight (f0999f48-4d65-3b28-b0dc-40b04d8e3b2b): nop
[01:15:06] ItsSoulTime (9f68d785-ad11-3bab-bb36-393a7edbfffb): no te podes comprar
[01:15:17] M23nlight (f0999f48-4d65-3b28-b0dc-40b04d8e3b2b): lo q quiero es un pico 3x3
[01:15:52] ItsSoulTime (9f68d785-ad11-3bab-bb36-393a7edbfffb): lo que puedo hacer
[01:15:57] ItsSoulTime (9f68d785-ad11-3bab-bb36-393a7edbfffb): es dar 2 key all
[01:16:11] ItsSoulTime (9f68d785-ad11-3bab-bb36-393a7edbfffb): un key all es dar todas las llaves chetadas
[01:16:12] M23nlight (f0999f48-4d65-3b28-b0dc-40b04d8e3b2b): aceptas por un bloque tierra?
[01:16:20] ItsSoulTime (9f68d785-ad11-3bab-bb36-393a7edbfffb): se hace gratis :v
[01:16:41] ItsSoulTime (9f68d785-ad11-3bab-bb36-393a7edbfffb): cada fin de semana voy a hacer un key all
[01:16:44] M23nlight (f0999f48-4d65-3b28-b0dc-40b04d8e3b2b): te regalo uno de tierra si lo haces
