[15:50:21] M23nlight (f0999f48-4d65-3b28-b0dc-40b04d8e3b2b): changepass
[15:50:44] ItsSoulTime (9f68d785-ad11-3bab-bb36-393a7edbfffb): ./changepass
[15:53:56] ItsSoulTime (9f68d785-ad11-3bab-bb36-393a7edbfffb): ./kit inicial
[15:54:40] ItsSoulTime (9f68d785-ad11-3bab-bb36-393a7edbfffb): ./rewards
[16:02:22] ItsSoulTime (9f68d785-ad11-3bab-bb36-393a7edbfffb): ./shop
[16:02:26] ItsSoulTime (9f68d785-ad11-3bab-bb36-393a7edbfffb): ./menu
[16:03:12] ItsSoulTime (9f68d785-ad11-3bab-bb36-393a7edbfffb): ./tpa
[16:03:23] ItsSoulTime (9f68d785-ad11-3bab-bb36-393a7edbfffb): ./warp
[16:04:11] ItsSoulTime (9f68d785-ad11-3bab-bb36-393a7edbfffb): ./tpa
[16:05:27] ItsSoulTime (9f68d785-ad11-3bab-bb36-393a7edbfffb): ./tpa ItsSoulTime
[16:08:49] ItsSoulTime (9f68d785-ad11-3bab-bb36-393a7edbfffb): ./jobs browse
[16:09:57] ItsSoulTime (9f68d785-ad11-3bab-bb36-393a7edbfffb): ./skills
[16:10:26] ItsSoulTime (9f68d785-ad11-3bab-bb36-393a7edbfffb): ./menu
[16:15:06] ItsSoulTime (9f68d785-ad11-3bab-bb36-393a7edbfffb): ./back
[16:18:19] ItsSoulTime (9f68d785-ad11-3bab-bb36-393a7edbfffb): ./rtp
[16:20:26] ItsSoulTime (9f68d785-ad11-3bab-bb36-393a7edbfffb): ./warps
[16:34:00] ItsSoulTime (9f68d785-ad11-3bab-bb36-393a7edbfffb): ./sethome [nombre del lugar]
[16:34:57] M23nlight (f0999f48-4d65-3b28-b0dc-40b04d8e3b2b): e
[16:37:38] ItsSoulTime (9f68d785-ad11-3bab-bb36-393a7edbfffb): ./homes
[16:42:59] ItsSoulTime (9f68d785-ad11-3bab-bb36-393a7edbfffb): ./sellall
[17:05:48] ItsSoulTime (9f68d785-ad11-3bab-bb36-393a7edbfffb): .
[17:05:52] ItsSoulTime (9f68d785-ad11-3bab-bb36-393a7edbfffb): ./warp
[17:14:16] ItsSoulTime (9f68d785-ad11-3bab-bb36-393a7edbfffb): ./back
[17:39:26] ItsSoulTime (9f68d785-ad11-3bab-bb36-393a7edbfffb): das}
[17:39:29] ItsSoulTime (9f68d785-ad11-3bab-bb36-393a7edbfffb): das
[17:42:16] ItsSoulTime (9f68d785-ad11-3bab-bb36-393a7edbfffb): das
[17:43:04] ItsSoulTime (9f68d785-ad11-3bab-bb36-393a7edbfffb): dsa
[17:43:36] ItsSoulTime (9f68d785-ad11-3bab-bb36-393a7edbfffb): dsa
[17:52:07] ItsSoulTime (9f68d785-ad11-3bab-bb36-393a7edbfffb): dsa
[17:52:20] ItsSoulTime (9f68d785-ad11-3bab-bb36-393a7edbfffb): §e>
[17:52:25] ItsSoulTime (9f68d785-ad11-3bab-bb36-393a7edbfffb): dsa
[17:52:33] ItsSoulTime (9f68d785-ad11-3bab-bb36-393a7edbfffb): dsa
[17:53:03] ItsSoulTime (9f68d785-ad11-3bab-bb36-393a7edbfffb): dsa
[17:55:08] ItsSoulTime (9f68d785-ad11-3bab-bb36-393a7edbfffb): dsa
[17:57:24] ItsSoulTime (9f68d785-ad11-3bab-bb36-393a7edbfffb): dsa
[17:58:23] ItsSoulTime (9f68d785-ad11-3bab-bb36-393a7edbfffb): dsa
[17:58:40] ItsSoulTime (9f68d785-ad11-3bab-bb36-393a7edbfffb): dsa
[17:59:02] ItsSoulTime (9f68d785-ad11-3bab-bb36-393a7edbfffb): dsa
