[00:00:32] [Server thread/INFO]: [User] M23nlight  a pasado por la muricion.
[00:01:09] [Async Chat Thread - #3/INFO]: [User] M23nlight  ► regalen el pico 3x3
[00:03:52] [Netty Epoll Server IO #0/ERROR]: [EasyCommandBlocker] Unhandled exception number 32768 occurred in onPacketReceiving(PacketEvent) for EasyCommandBlocker
java.lang.IllegalStateException: Unable to read field value of private final java.lang.String net.minecraft.network.protocol.game.ServerboundCommandSuggestionPacket.command
	at ProtocolLib.jar/com.comphenix.protocol.reflect.accessors.DefaultFieldAccessor.get(DefaultFieldAccessor.java:30) ~[ProtocolLib.jar:?]
	at ProtocolLib.jar/com.comphenix.protocol.reflect.StructureModifier.readInternal(StructureModifier.java:302) ~[ProtocolLib.jar:?]
	at ProtocolLib.jar/com.comphenix.protocol.reflect.StructureModifier.read(StructureModifier.java:253) ~[ProtocolLib.jar:?]
	at EasyCommandBlocker.jar/ecb.ajneb97.spigot.managers.ProtocolLibManager$1.onPacketReceiving(ProtocolLibManager.java:57) ~[EasyCommandBlocker.jar:?]
	at ProtocolLib.jar/com.comphenix.protocol.injector.collection.InboundPacketListenerSet.invokeListener(InboundPacketListenerSet.java:25) ~[ProtocolLib.jar:?]
	at ProtocolLib.jar/com.comphenix.protocol.injector.collection.PacketListenerSet.lambda$invoke$0(PacketListenerSet.java:123) ~[ProtocolLib.jar:?]
	at ProtocolLib.jar/com.comphenix.protocol.timing.TimingTracker.lambda$static$0(TimingTracker.java:7) ~[ProtocolLib.jar:?]
	at ProtocolLib.jar/com.comphenix.protocol.injector.collection.PacketListenerSet.invoke(PacketListenerSet.java:123) ~[ProtocolLib.jar:?]
	at ProtocolLib.jar/com.comphenix.protocol.injector.collection.PacketListenerSet.invoke(PacketListenerSet.java:102) ~[ProtocolLib.jar:?]
	at ProtocolLib.jar/com.comphenix.protocol.injector.PacketFilterManager.postPacketToListeners(PacketFilterManager.java:528) ~[ProtocolLib.jar:?]
	at ProtocolLib.jar/com.comphenix.protocol.injector.PacketFilterManager.invokeInboundPacketListeners(PacketFilterManager.java:509) ~[ProtocolLib.jar:?]
	at ProtocolLib.jar/com.comphenix.protocol.injector.netty.channel.NettyChannelInjector.processInboundInternal(NettyChannelInjector.java:455) ~[ProtocolLib.jar:?]
	at ProtocolLib.jar/com.comphenix.protocol.injector.netty.channel.NettyChannelInjector.processInbound(NettyChannelInjector.java:439) ~[ProtocolLib.jar:?]
	at ProtocolLib.jar/com.comphenix.protocol.injector.netty.channel.InboundPacketInterceptor.channelRead(InboundPacketInterceptor.java:47) ~[ProtocolLib.jar:?]
	at io.netty.channel.AbstractChannelHandlerContext.invokeChannelRead(AbstractChannelHandlerContext.java:444) ~[netty-transport-4.1.97.Final.jar:4.1.97.Final]
	at io.netty.channel.AbstractChannelHandlerContext.invokeChannelRead(AbstractChannelHandlerContext.java:420) ~[netty-transport-4.1.97.Final.jar:4.1.97.Final]
	at io.netty.channel.AbstractChannelHandlerContext.fireChannelRead(AbstractChannelHandlerContext.java:412) ~[netty-transport-4.1.97.Final.jar:4.1.97.Final]
	at io.netty.handler.codec.MessageToMessageDecoder.channelRead(MessageToMessageDecoder.java:103) ~[netty-codec-4.1.97.Final.jar:4.1.97.Final]
	at io.netty.channel.AbstractChannelHandlerContext.invokeChannelRead(AbstractChannelHandlerContext.java:444) ~[netty-transport-4.1.97.Final.jar:4.1.97.Final]
	at io.netty.channel.AbstractChannelHandlerContext.invokeChannelRead(AbstractChannelHandlerContext.java:420) ~[netty-transport-4.1.97.Final.jar:4.1.97.Final]
	at io.netty.channel.AbstractChannelHandlerContext.fireChannelRead(AbstractChannelHandlerContext.java:412) ~[netty-transport-4.1.97.Final.jar:4.1.97.Final]
	at io.netty.handler.codec.ByteToMessageDecoder.fireChannelRead(ByteToMessageDecoder.java:346) ~[netty-codec-4.1.97.Final.jar:4.1.97.Final]
	at io.netty.handler.codec.ByteToMessageDecoder.channelRead(ByteToMessageDecoder.java:318) ~[netty-codec-4.1.97.Final.jar:4.1.97.Final]
	at io.netty.channel.AbstractChannelHandlerContext.invokeChannelRead(AbstractChannelHandlerContext.java:444) ~[netty-transport-4.1.97.Final.jar:4.1.97.Final]
	at io.netty.channel.AbstractChannelHandlerContext.invokeChannelRead(AbstractChannelHandlerContext.java:420) ~[netty-transport-4.1.97.Final.jar:4.1.97.Final]
	at io.netty.channel.AbstractChannelHandlerContext.fireChannelRead(AbstractChannelHandlerContext.java:412) ~[netty-transport-4.1.97.Final.jar:4.1.97.Final]
	at io.netty.handler.codec.MessageToMessageDecoder.channelRead(MessageToMessageDecoder.java:103) ~[netty-codec-4.1.97.Final.jar:4.1.97.Final]
	at io.netty.channel.AbstractChannelHandlerContext.invokeChannelRead(AbstractChannelHandlerContext.java:444) ~[netty-transport-4.1.97.Final.jar:4.1.97.Final]
	at io.netty.channel.AbstractChannelHandlerContext.invokeChannelRead(AbstractChannelHandlerContext.java:420) ~[netty-transport-4.1.97.Final.jar:4.1.97.Final]
	at io.netty.channel.AbstractChannelHandlerContext.fireChannelRead(AbstractChannelHandlerContext.java:412) ~[netty-transport-4.1.97.Final.jar:4.1.97.Final]
	at io.netty.handler.codec.MessageToMessageDecoder.channelRead(MessageToMessageDecoder.java:103) ~[netty-codec-4.1.97.Final.jar:4.1.97.Final]
	at io.netty.channel.AbstractChannelHandlerContext.invokeChannelRead(AbstractChannelHandlerContext.java:444) ~[netty-transport-4.1.97.Final.jar:4.1.97.Final]
	at io.netty.channel.AbstractChannelHandlerContext.invokeChannelRead(AbstractChannelHandlerContext.java:420) ~[netty-transport-4.1.97.Final.jar:4.1.97.Final]
	at io.netty.channel.AbstractChannelHandlerContext.fireChannelRead(AbstractChannelHandlerContext.java:412) ~[netty-transport-4.1.97.Final.jar:4.1.97.Final]
	at ProtocolLib.jar/com.comphenix.protocol.injector.netty.channel.InboundProtocolReader.channelRead(InboundProtocolReader.java:25) ~[ProtocolLib.jar:?]
	at io.netty.channel.AbstractChannelHandlerContext.invokeChannelRead(AbstractChannelHandlerContext.java:444) ~[netty-transport-4.1.97.Final.jar:4.1.97.Final]
	at io.netty.channel.AbstractChannelHandlerContext.invokeChannelRead(AbstractChannelHandlerContext.java:420) ~[netty-transport-4.1.97.Final.jar:4.1.97.Final]
	at io.netty.channel.AbstractChannelHandlerContext.fireChannelRead(AbstractChannelHandlerContext.java:412) ~[netty-transport-4.1.97.Final.jar:4.1.97.Final]
	at io.netty.handler.flow.FlowControlHandler.dequeue(FlowControlHandler.java:202) ~[netty-handler-4.1.97.Final.jar:4.1.97.Final]
	at io.netty.handler.flow.FlowControlHandler.channelRead(FlowControlHandler.java:164) ~[netty-handler-4.1.97.Final.jar:4.1.97.Final]
	at io.netty.channel.AbstractChannelHandlerContext.invokeChannelRead(AbstractChannelHandlerContext.java:442) ~[netty-transport-4.1.97.Final.jar:4.1.97.Final]
	at io.netty.channel.AbstractChannelHandlerContext.invokeChannelRead(AbstractChannelHandlerContext.java:420) ~[netty-transport-4.1.97.Final.jar:4.1.97.Final]
	at io.netty.channel.AbstractChannelHandlerContext.fireChannelRead(AbstractChannelHandlerContext.java:412) ~[netty-transport-4.1.97.Final.jar:4.1.97.Final]
	at io.netty.handler.codec.MessageToMessageDecoder.channelRead(MessageToMessageDecoder.java:103) ~[netty-codec-4.1.97.Final.jar:4.1.97.Final]
	at io.netty.channel.AbstractChannelHandlerContext.invokeChannelRead(AbstractChannelHandlerContext.java:444) ~[netty-transport-4.1.97.Final.jar:4.1.97.Final]
	at io.netty.channel.AbstractChannelHandlerContext.invokeChannelRead(AbstractChannelHandlerContext.java:420) ~[netty-transport-4.1.97.Final.jar:4.1.97.Final]
	at io.netty.channel.AbstractChannelHandlerContext.fireChannelRead(AbstractChannelHandlerContext.java:412) ~[netty-transport-4.1.97.Final.jar:4.1.97.Final]
	at io.netty.handler.codec.ByteToMessageDecoder.fireChannelRead(ByteToMessageDecoder.java:346) ~[netty-codec-4.1.97.Final.jar:4.1.97.Final]
	at io.netty.handler.codec.ByteToMessageDecoder.channelRead(ByteToMessageDecoder.java:318) ~[netty-codec-4.1.97.Final.jar:4.1.97.Final]
	at io.netty.channel.AbstractChannelHandlerContext.invokeChannelRead(AbstractChannelHandlerContext.java:444) ~[netty-transport-4.1.97.Final.jar:4.1.97.Final]
	at io.netty.channel.AbstractChannelHandlerContext.invokeChannelRead(AbstractChannelHandlerContext.java:420) ~[netty-transport-4.1.97.Final.jar:4.1.97.Final]
	at io.netty.channel.AbstractChannelHandlerContext.fireChannelRead(AbstractChannelHandlerContext.java:412) ~[netty-transport-4.1.97.Final.jar:4.1.97.Final]
	at io.netty.handler.codec.ByteToMessageDecoder.fireChannelRead(ByteToMessageDecoder.java:346) ~[netty-codec-4.1.97.Final.jar:4.1.97.Final]
	at io.netty.handler.codec.ByteToMessageDecoder.channelRead(ByteToMessageDecoder.java:318) ~[netty-codec-4.1.97.Final.jar:4.1.97.Final]
	at io.netty.channel.AbstractChannelHandlerContext.invokeChannelRead(AbstractChannelHandlerContext.java:444) ~[netty-transport-4.1.97.Final.jar:4.1.97.Final]
	at io.netty.channel.AbstractChannelHandlerContext.invokeChannelRead(AbstractChannelHandlerContext.java:420) ~[netty-transport-4.1.97.Final.jar:4.1.97.Final]
	at io.netty.channel.AbstractChannelHandlerContext.fireChannelRead(AbstractChannelHandlerContext.java:412) ~[netty-transport-4.1.97.Final.jar:4.1.97.Final]
	at io.netty.handler.timeout.IdleStateHandler.channelRead(IdleStateHandler.java:286) ~[netty-handler-4.1.97.Final.jar:4.1.97.Final]
	at io.netty.channel.AbstractChannelHandlerContext.invokeChannelRead(AbstractChannelHandlerContext.java:442) ~[netty-transport-4.1.97.Final.jar:4.1.97.Final]
	at io.netty.channel.AbstractChannelHandlerContext.invokeChannelRead(AbstractChannelHandlerContext.java:420) ~[netty-transport-4.1.97.Final.jar:4.1.97.Final]
	at io.netty.channel.AbstractChannelHandlerContext.fireChannelRead(AbstractChannelHandlerContext.java:412) ~[netty-transport-4.1.97.Final.jar:4.1.97.Final]
	at io.netty.handler.flush.FlushConsolidationHandler.channelRead(FlushConsolidationHandler.java:152) ~[netty-handler-4.1.97.Final.jar:4.1.97.Final]
	at io.netty.channel.AbstractChannelHandlerContext.invokeChannelRead(AbstractChannelHandlerContext.java:442) ~[netty-transport-4.1.97.Final.jar:4.1.97.Final]
	at io.netty.channel.AbstractChannelHandlerContext.invokeChannelRead(AbstractChannelHandlerContext.java:420) ~[netty-transport-4.1.97.Final.jar:4.1.97.Final]
	at io.netty.channel.AbstractChannelHandlerContext.fireChannelRead(AbstractChannelHandlerContext.java:412) ~[netty-transport-4.1.97.Final.jar:4.1.97.Final]
	at io.netty.channel.DefaultChannelPipeline$HeadContext.channelRead(DefaultChannelPipeline.java:1410) ~[netty-transport-4.1.97.Final.jar:4.1.97.Final]
	at io.netty.channel.AbstractChannelHandlerContext.invokeChannelRead(AbstractChannelHandlerContext.java:440) ~[netty-transport-4.1.97.Final.jar:4.1.97.Final]
	at io.netty.channel.AbstractChannelHandlerContext.invokeChannelRead(AbstractChannelHandlerContext.java:420) ~[netty-transport-4.1.97.Final.jar:4.1.97.Final]
	at io.netty.channel.DefaultChannelPipeline.fireChannelRead(DefaultChannelPipeline.java:919) ~[netty-transport-4.1.97.Final.jar:4.1.97.Final]
	at io.netty.channel.epoll.AbstractEpollStreamChannel$EpollStreamUnsafe.epollInReady(AbstractEpollStreamChannel.java:800) ~[netty-transport-classes-epoll-4.1.97.Final.jar:4.1.97.Final]
	at io.netty.channel.epoll.EpollEventLoop.processReady(EpollEventLoop.java:509) ~[netty-transport-classes-epoll-4.1.97.Final.jar:4.1.97.Final]
	at io.netty.channel.epoll.EpollEventLoop.run(EpollEventLoop.java:407) ~[netty-transport-classes-epoll-4.1.97.Final.jar:4.1.97.Final]
	at io.netty.util.concurrent.SingleThreadEventExecutor$4.run(SingleThreadEventExecutor.java:997) ~[netty-common-4.1.97.Final.jar:4.1.97.Final]
	at io.netty.util.internal.ThreadExecutorMap$2.run(ThreadExecutorMap.java:74) ~[netty-common-4.1.97.Final.jar:4.1.97.Final]
	at java.base/java.lang.Thread.run(Thread.java:1583) ~[?:?]
Caused by: java.lang.ClassCastException: Cannot cast net.minecraft.network.protocol.game.ServerboundClientTickEndPacket to net.minecraft.network.protocol.game.ServerboundCommandSuggestionPacket
	at java.base/java.lang.Class.cast(Class.java:4067) ~[?:?]
	at ProtocolLib.jar/com.comphenix.protocol.reflect.accessors.DefaultFieldAccessor.get(DefaultFieldAccessor.java:28) ~[ProtocolLib.jar:?]
	... 74 more
[00:06:17] [Server thread/INFO]: M23nlight issued server command: /back
[00:11:34] [Server thread/INFO]: ItsSoulTime issued server command: /skills
[00:11:36] [Server thread/INFO]: M23nlight issued server command: /homes
[00:11:48] [Server thread/INFO]: M23nlight issued server command: /addhome
[00:12:11] [Server thread/INFO]: M23nlight issued server command: /homes
[00:13:04] [Async Chat Thread - #5/INFO]: [User] M23nlight  ► como se agregan tps?
[00:13:18] [Async Chat Thread - #5/INFO]: [User] M23nlight  ► asi para tener varios lugares
[00:13:22] [Async Chat Thread - #5/INFO]: [Admin] ItsSoulTime  ► que es tps segun tu?
[00:13:42] [Async Chat Thread - #5/INFO]: [User] M23nlight  ► varios lugares para hacerse tp
[00:13:48] [Async Chat Thread - #5/INFO]: [Admin] ItsSoulTime  ► osea homes?
[00:13:53] [Async Chat Thread - #5/INFO]: [User] M23nlight  ► si
[00:14:04] [Async Chat Thread - #5/INFO]: [Admin] ItsSoulTime  ► ./sethome [Nombre del home]
[00:14:15] [Server thread/INFO]: M23nlight issued server command: /sethome
[00:14:27] [Server thread/INFO]: M23nlight issued server command: /sethome cueva
[00:14:32] [Server thread/INFO]: M23nlight issued server command: /home
[00:15:13] [Server thread/INFO]: M23nlight issued server command: /homes
[00:15:27] [Server thread/INFO]: M23nlight issued server command: /homes
[00:17:45] [Server thread/INFO]: M23nlight issued server command: /home
[00:20:20] [Server thread/INFO]: ItsSoulTime issued server command: /reward
[00:20:22] [Server thread/INFO]: Crates » Se dió x1 llave(s Diaria Key a ItsSoulTime.
[00:20:22] [Server thread/INFO]: [Essentials] CONSOLE issued server command: /eco give ItsSoulTime 3000
[00:20:22] [Server thread/INFO]: [Essentials] CONSOLE issued server command: /give ItsSoulTime gold_ingot 5
[00:20:22] [Server thread/INFO]: Giving 5 of gold ingot to ItsSoulTime.
[00:20:22] [Server thread/INFO]: [Essentials] CONSOLE issued server command: /give ItsSoulTime iron_ingot 10
[00:20:22] [Server thread/INFO]: Giving 10 of iron ingot to ItsSoulTime.
[00:20:22] [Server thread/INFO]: [Essentials] CONSOLE issued server command: /give ItsSoulTime diamond 3
[00:20:22] [Server thread/INFO]: Giving 3 of diamond to ItsSoulTime.
[00:20:27] [Server thread/INFO]: ItsSoulTime issued server command: /warps
[00:20:55] [Server thread/INFO]: ItsSoulTime issued server command: /homes
[00:22:55] [Server thread/INFO]: M23nlight issued server command: /sethome cueva2
[00:25:25] [Server thread/INFO]: ItsSoulTime issued server command: /homes
[00:31:10] [Netty Epoll Server IO #0/ERROR]: [EasyCommandBlocker] Unhandled exception number 65536 occurred in onPacketReceiving(PacketEvent) for EasyCommandBlocker
java.lang.IllegalStateException: Unable to read field value of private final java.lang.String net.minecraft.network.protocol.game.ServerboundCommandSuggestionPacket.command
	at ProtocolLib.jar/com.comphenix.protocol.reflect.accessors.DefaultFieldAccessor.get(DefaultFieldAccessor.java:30) ~[ProtocolLib.jar:?]
	at ProtocolLib.jar/com.comphenix.protocol.reflect.StructureModifier.readInternal(StructureModifier.java:302) ~[ProtocolLib.jar:?]
	at ProtocolLib.jar/com.comphenix.protocol.reflect.StructureModifier.read(StructureModifier.java:253) ~[ProtocolLib.jar:?]
	at EasyCommandBlocker.jar/ecb.ajneb97.spigot.managers.ProtocolLibManager$1.onPacketReceiving(ProtocolLibManager.java:57) ~[EasyCommandBlocker.jar:?]
	at ProtocolLib.jar/com.comphenix.protocol.injector.collection.InboundPacketListenerSet.invokeListener(InboundPacketListenerSet.java:25) ~[ProtocolLib.jar:?]
	at ProtocolLib.jar/com.comphenix.protocol.injector.collection.PacketListenerSet.lambda$invoke$0(PacketListenerSet.java:123) ~[ProtocolLib.jar:?]
	at ProtocolLib.jar/com.comphenix.protocol.timing.TimingTracker.lambda$static$0(TimingTracker.java:7) ~[ProtocolLib.jar:?]
	at ProtocolLib.jar/com.comphenix.protocol.injector.collection.PacketListenerSet.invoke(PacketListenerSet.java:123) ~[ProtocolLib.jar:?]
	at ProtocolLib.jar/com.comphenix.protocol.injector.collection.PacketListenerSet.invoke(PacketListenerSet.java:102) ~[ProtocolLib.jar:?]
	at ProtocolLib.jar/com.comphenix.protocol.injector.PacketFilterManager.postPacketToListeners(PacketFilterManager.java:528) ~[ProtocolLib.jar:?]
	at ProtocolLib.jar/com.comphenix.protocol.injector.PacketFilterManager.invokeInboundPacketListeners(PacketFilterManager.java:509) ~[ProtocolLib.jar:?]
	at ProtocolLib.jar/com.comphenix.protocol.injector.netty.channel.NettyChannelInjector.processInboundInternal(NettyChannelInjector.java:455) ~[ProtocolLib.jar:?]
	at ProtocolLib.jar/com.comphenix.protocol.injector.netty.channel.NettyChannelInjector.processInbound(NettyChannelInjector.java:439) ~[ProtocolLib.jar:?]
	at ProtocolLib.jar/com.comphenix.protocol.injector.netty.channel.InboundPacketInterceptor.channelRead(InboundPacketInterceptor.java:47) ~[ProtocolLib.jar:?]
	at io.netty.channel.AbstractChannelHandlerContext.invokeChannelRead(AbstractChannelHandlerContext.java:444) ~[netty-transport-4.1.97.Final.jar:4.1.97.Final]
	at io.netty.channel.AbstractChannelHandlerContext.invokeChannelRead(AbstractChannelHandlerContext.java:420) ~[netty-transport-4.1.97.Final.jar:4.1.97.Final]
	at io.netty.channel.AbstractChannelHandlerContext.fireChannelRead(AbstractChannelHandlerContext.java:412) ~[netty-transport-4.1.97.Final.jar:4.1.97.Final]
	at io.netty.handler.codec.MessageToMessageDecoder.channelRead(MessageToMessageDecoder.java:103) ~[netty-codec-4.1.97.Final.jar:4.1.97.Final]
	at io.netty.channel.AbstractChannelHandlerContext.invokeChannelRead(AbstractChannelHandlerContext.java:444) ~[netty-transport-4.1.97.Final.jar:4.1.97.Final]
	at io.netty.channel.AbstractChannelHandlerContext.invokeChannelRead(AbstractChannelHandlerContext.java:420) ~[netty-transport-4.1.97.Final.jar:4.1.97.Final]
	at io.netty.channel.AbstractChannelHandlerContext.fireChannelRead(AbstractChannelHandlerContext.java:412) ~[netty-transport-4.1.97.Final.jar:4.1.97.Final]
	at io.netty.handler.codec.ByteToMessageDecoder.fireChannelRead(ByteToMessageDecoder.java:346) ~[netty-codec-4.1.97.Final.jar:4.1.97.Final]
	at io.netty.handler.codec.ByteToMessageDecoder.channelRead(ByteToMessageDecoder.java:318) ~[netty-codec-4.1.97.Final.jar:4.1.97.Final]
	at io.netty.channel.AbstractChannelHandlerContext.invokeChannelRead(AbstractChannelHandlerContext.java:444) ~[netty-transport-4.1.97.Final.jar:4.1.97.Final]
	at io.netty.channel.AbstractChannelHandlerContext.invokeChannelRead(AbstractChannelHandlerContext.java:420) ~[netty-transport-4.1.97.Final.jar:4.1.97.Final]
	at io.netty.channel.AbstractChannelHandlerContext.fireChannelRead(AbstractChannelHandlerContext.java:412) ~[netty-transport-4.1.97.Final.jar:4.1.97.Final]
	at io.netty.handler.codec.MessageToMessageDecoder.channelRead(MessageToMessageDecoder.java:103) ~[netty-codec-4.1.97.Final.jar:4.1.97.Final]
	at io.netty.channel.AbstractChannelHandlerContext.invokeChannelRead(AbstractChannelHandlerContext.java:444) ~[netty-transport-4.1.97.Final.jar:4.1.97.Final]
	at io.netty.channel.AbstractChannelHandlerContext.invokeChannelRead(AbstractChannelHandlerContext.java:420) ~[netty-transport-4.1.97.Final.jar:4.1.97.Final]
	at io.netty.channel.AbstractChannelHandlerContext.fireChannelRead(AbstractChannelHandlerContext.java:412) ~[netty-transport-4.1.97.Final.jar:4.1.97.Final]
	at io.netty.handler.codec.MessageToMessageDecoder.channelRead(MessageToMessageDecoder.java:103) ~[netty-codec-4.1.97.Final.jar:4.1.97.Final]
	at io.netty.channel.AbstractChannelHandlerContext.invokeChannelRead(AbstractChannelHandlerContext.java:444) ~[netty-transport-4.1.97.Final.jar:4.1.97.Final]
	at io.netty.channel.AbstractChannelHandlerContext.invokeChannelRead(AbstractChannelHandlerContext.java:420) ~[netty-transport-4.1.97.Final.jar:4.1.97.Final]
	at io.netty.channel.AbstractChannelHandlerContext.fireChannelRead(AbstractChannelHandlerContext.java:412) ~[netty-transport-4.1.97.Final.jar:4.1.97.Final]
	at ProtocolLib.jar/com.comphenix.protocol.injector.netty.channel.InboundProtocolReader.channelRead(InboundProtocolReader.java:25) ~[ProtocolLib.jar:?]
	at io.netty.channel.AbstractChannelHandlerContext.invokeChannelRead(AbstractChannelHandlerContext.java:444) ~[netty-transport-4.1.97.Final.jar:4.1.97.Final]
	at io.netty.channel.AbstractChannelHandlerContext.invokeChannelRead(AbstractChannelHandlerContext.java:420) ~[netty-transport-4.1.97.Final.jar:4.1.97.Final]
	at io.netty.channel.AbstractChannelHandlerContext.fireChannelRead(AbstractChannelHandlerContext.java:412) ~[netty-transport-4.1.97.Final.jar:4.1.97.Final]
	at io.netty.handler.flow.FlowControlHandler.dequeue(FlowControlHandler.java:202) ~[netty-handler-4.1.97.Final.jar:4.1.97.Final]
	at io.netty.handler.flow.FlowControlHandler.channelRead(FlowControlHandler.java:164) ~[netty-handler-4.1.97.Final.jar:4.1.97.Final]
	at io.netty.channel.AbstractChannelHandlerContext.invokeChannelRead(AbstractChannelHandlerContext.java:442) ~[netty-transport-4.1.97.Final.jar:4.1.97.Final]
	at io.netty.channel.AbstractChannelHandlerContext.invokeChannelRead(AbstractChannelHandlerContext.java:420) ~[netty-transport-4.1.97.Final.jar:4.1.97.Final]
	at io.netty.channel.AbstractChannelHandlerContext.fireChannelRead(AbstractChannelHandlerContext.java:412) ~[netty-transport-4.1.97.Final.jar:4.1.97.Final]
	at io.netty.handler.codec.MessageToMessageDecoder.channelRead(MessageToMessageDecoder.java:103) ~[netty-codec-4.1.97.Final.jar:4.1.97.Final]
	at io.netty.channel.AbstractChannelHandlerContext.invokeChannelRead(AbstractChannelHandlerContext.java:444) ~[netty-transport-4.1.97.Final.jar:4.1.97.Final]
	at io.netty.channel.AbstractChannelHandlerContext.invokeChannelRead(AbstractChannelHandlerContext.java:420) ~[netty-transport-4.1.97.Final.jar:4.1.97.Final]
	at io.netty.channel.AbstractChannelHandlerContext.fireChannelRead(AbstractChannelHandlerContext.java:412) ~[netty-transport-4.1.97.Final.jar:4.1.97.Final]
	at io.netty.handler.codec.ByteToMessageDecoder.fireChannelRead(ByteToMessageDecoder.java:346) ~[netty-codec-4.1.97.Final.jar:4.1.97.Final]
	at io.netty.handler.codec.ByteToMessageDecoder.channelRead(ByteToMessageDecoder.java:318) ~[netty-codec-4.1.97.Final.jar:4.1.97.Final]
	at io.netty.channel.AbstractChannelHandlerContext.invokeChannelRead(AbstractChannelHandlerContext.java:444) ~[netty-transport-4.1.97.Final.jar:4.1.97.Final]
	at io.netty.channel.AbstractChannelHandlerContext.invokeChannelRead(AbstractChannelHandlerContext.java:420) ~[netty-transport-4.1.97.Final.jar:4.1.97.Final]
	at io.netty.channel.AbstractChannelHandlerContext.fireChannelRead(AbstractChannelHandlerContext.java:412) ~[netty-transport-4.1.97.Final.jar:4.1.97.Final]
	at io.netty.handler.codec.ByteToMessageDecoder.fireChannelRead(ByteToMessageDecoder.java:346) ~[netty-codec-4.1.97.Final.jar:4.1.97.Final]
	at io.netty.handler.codec.ByteToMessageDecoder.channelRead(ByteToMessageDecoder.java:318) ~[netty-codec-4.1.97.Final.jar:4.1.97.Final]
	at io.netty.channel.AbstractChannelHandlerContext.invokeChannelRead(AbstractChannelHandlerContext.java:444) ~[netty-transport-4.1.97.Final.jar:4.1.97.Final]
	at io.netty.channel.AbstractChannelHandlerContext.invokeChannelRead(AbstractChannelHandlerContext.java:420) ~[netty-transport-4.1.97.Final.jar:4.1.97.Final]
	at io.netty.channel.AbstractChannelHandlerContext.fireChannelRead(AbstractChannelHandlerContext.java:412) ~[netty-transport-4.1.97.Final.jar:4.1.97.Final]
	at io.netty.handler.timeout.IdleStateHandler.channelRead(IdleStateHandler.java:286) ~[netty-handler-4.1.97.Final.jar:4.1.97.Final]
	at io.netty.channel.AbstractChannelHandlerContext.invokeChannelRead(AbstractChannelHandlerContext.java:442) ~[netty-transport-4.1.97.Final.jar:4.1.97.Final]
	at io.netty.channel.AbstractChannelHandlerContext.invokeChannelRead(AbstractChannelHandlerContext.java:420) ~[netty-transport-4.1.97.Final.jar:4.1.97.Final]
	at io.netty.channel.AbstractChannelHandlerContext.fireChannelRead(AbstractChannelHandlerContext.java:412) ~[netty-transport-4.1.97.Final.jar:4.1.97.Final]
	at io.netty.handler.flush.FlushConsolidationHandler.channelRead(FlushConsolidationHandler.java:152) ~[netty-handler-4.1.97.Final.jar:4.1.97.Final]
	at io.netty.channel.AbstractChannelHandlerContext.invokeChannelRead(AbstractChannelHandlerContext.java:442) ~[netty-transport-4.1.97.Final.jar:4.1.97.Final]
	at io.netty.channel.AbstractChannelHandlerContext.invokeChannelRead(AbstractChannelHandlerContext.java:420) ~[netty-transport-4.1.97.Final.jar:4.1.97.Final]
	at io.netty.channel.AbstractChannelHandlerContext.fireChannelRead(AbstractChannelHandlerContext.java:412) ~[netty-transport-4.1.97.Final.jar:4.1.97.Final]
	at io.netty.channel.DefaultChannelPipeline$HeadContext.channelRead(DefaultChannelPipeline.java:1410) ~[netty-transport-4.1.97.Final.jar:4.1.97.Final]
	at io.netty.channel.AbstractChannelHandlerContext.invokeChannelRead(AbstractChannelHandlerContext.java:440) ~[netty-transport-4.1.97.Final.jar:4.1.97.Final]
	at io.netty.channel.AbstractChannelHandlerContext.invokeChannelRead(AbstractChannelHandlerContext.java:420) ~[netty-transport-4.1.97.Final.jar:4.1.97.Final]
	at io.netty.channel.DefaultChannelPipeline.fireChannelRead(DefaultChannelPipeline.java:919) ~[netty-transport-4.1.97.Final.jar:4.1.97.Final]
	at io.netty.channel.epoll.AbstractEpollStreamChannel$EpollStreamUnsafe.epollInReady(AbstractEpollStreamChannel.java:800) ~[netty-transport-classes-epoll-4.1.97.Final.jar:4.1.97.Final]
	at io.netty.channel.epoll.EpollEventLoop.processReady(EpollEventLoop.java:509) ~[netty-transport-classes-epoll-4.1.97.Final.jar:4.1.97.Final]
	at io.netty.channel.epoll.EpollEventLoop.run(EpollEventLoop.java:407) ~[netty-transport-classes-epoll-4.1.97.Final.jar:4.1.97.Final]
	at io.netty.util.concurrent.SingleThreadEventExecutor$4.run(SingleThreadEventExecutor.java:997) ~[netty-common-4.1.97.Final.jar:4.1.97.Final]
	at io.netty.util.internal.ThreadExecutorMap$2.run(ThreadExecutorMap.java:74) ~[netty-common-4.1.97.Final.jar:4.1.97.Final]
	at java.base/java.lang.Thread.run(Thread.java:1583) ~[?:?]
Caused by: java.lang.ClassCastException: Cannot cast net.minecraft.network.protocol.game.ServerboundClientTickEndPacket to net.minecraft.network.protocol.game.ServerboundCommandSuggestionPacket
	at java.base/java.lang.Class.cast(Class.java:4067) ~[?:?]
	at ProtocolLib.jar/com.comphenix.protocol.reflect.accessors.DefaultFieldAccessor.get(DefaultFieldAccessor.java:28) ~[ProtocolLib.jar:?]
	... 74 more
[00:31:49] [Server thread/INFO]: M23nlight issued server command: /homes
[00:32:26] [Server thread/INFO]: M23nlight issued server command: /sellall inventory
[00:32:26] [Server thread/INFO]: Shop >> M23nlight vendido 4x Coal(Ores.page1.items.4), 22x Lapis Lazuli(Ores.page1.items.18), 13x Gunpowder(Mobs.page1.items.10), 52x Oak Planks(Blocks.page5.items.231), 364x Cobblestone(Blocks.page1.items.51), 448x Amethyst Block(Ores.page1.items.1), 26x Arrow(Mobs.page1.items.1), 175x Amethyst Shard(Ores.page1.items.2), 1x Calcite(Blocks.page1.items.1), 7x Cooked Porkchop(Food.page1.items.14) por 874.34€ con el vender todo el comando.
[00:36:42] [Server thread/INFO]: M23nlight issued server command: /shop
[00:36:47] [Server thread/INFO]: Shop >> M23nlight vendido 101 x Copper Ingot(Ores.page1.items.7) para 23.23€ con el pantalla de venta.
[00:36:54] [Server thread/INFO]: M23nlight issued server command: /shop
[00:37:25] [Server thread/INFO]: M23nlight issued server command: /jobs
[00:37:40] [Server thread/INFO]: M23nlight issued server command: /jobs bonus
[00:37:58] [Server thread/INFO]: M23nlight issued server command: /jobs bonus Miner
[00:38:17] [Server thread/INFO]: M23nlight issued server command: /jobs itembonus
[00:39:52] [Server thread/INFO]: M23nlight issued server command: /homes
[00:41:26] [Server thread/INFO]: M23nlight issued server command: /home
[00:43:04] [Async Chat Thread - #7/INFO]: [Admin] ItsSoulTime  ► no duermas
[00:45:19] [Server thread/INFO]: M23nlight has made the advancement [Take Aim]
[00:45:25] [Server thread/INFO]: ItsSoulTime issued server command: /invsee M23nlight
